TN:
SF:/Users/jmcx/Documents/tronweb sdk/multi-chain-js/tronweb-wrapper/src/wrapper/connector.ts
FNF:0
FNH:0
LF:0
LH:0
BRF:0
BRH:0
end_of_record
TN:
SF:/Users/jmcx/Documents/tronweb sdk/multi-chain-js/tronweb-wrapper/src/wrapper/contractCall.ts
FN:7,getContractMethod
FN:18,(anonymous_8)
FN:24,(anonymous_10)
FN:24,(anonymous_11)
FN:25,(anonymous_12)
FN:28,(anonymous_13)
FN:34,(anonymous_14)
FN:51,(anonymous_16)
FN:52,(anonymous_17)
FN:54,(anonymous_18)
FN:57,(anonymous_19)
FNF:11
FNH:9
FNDA:8,getContractMethod
FNDA:3,(anonymous_8)
FNDA:1,(anonymous_10)
FNDA:1,(anonymous_11)
FNDA:1,(anonymous_12)
FNDA:0,(anonymous_13)
FNDA:5,(anonymous_14)
FNDA:3,(anonymous_16)
FNDA:3,(anonymous_17)
FNDA:3,(anonymous_18)
FNDA:0,(anonymous_19)
DA:8,8
DA:9,8
DA:10,4
DA:11,4
DA:20,3
DA:21,3
DA:22,2
DA:24,1
DA:25,1
DA:26,1
DA:29,0
DA:36,5
DA:37,5
DA:38,2
DA:41,3
DA:42,3
DA:51,3
DA:52,3
DA:56,3
DA:58,0
LF:20
LH:18
BRDA:8,0,0,8
BRDA:8,0,1,0
BRDA:9,1,0,4
BRDA:9,1,1,4
BRDA:21,2,0,2
BRDA:21,2,1,1
BRDA:37,3,0,2
BRDA:37,3,1,3
BRF:8
BRH:7
end_of_record
TN:
SF:/Users/jmcx/Documents/tronweb sdk/multi-chain-js/tronweb-wrapper/src/wrapper/utils.ts
FN:10,GasSetting
FN:17,(anonymous_1)
FNF:2
FNH:2
FNDA:3,GasSetting
FNDA:4,(anonymous_1)
DA:5,1
DA:11,3
DA:12,3
DA:13,3
DA:14,3
DA:17,1
DA:22,4
DA:24,4
LF:8
LH:8
BRDA:11,0,0,2
BRDA:11,0,1,1
BRDA:12,1,0,2
BRDA:12,1,1,1
BRDA:13,2,0,1
BRDA:13,2,1,2
BRF:6
BRH:6
end_of_record
TN:
SF:/Users/jmcx/Documents/tronweb sdk/multi-chain-js/tronweb-wrapper/src/wrapper/wrapper.ts
FNF:0
FNH:0
LF:0
LH:0
BRF:0
BRH:0
end_of_record
TN:
SF:/Users/jmcx/Documents/tronweb sdk/multi-chain-js/tronweb-wrapper/src/wrapper/actions/classInterface.ts
FNF:0
FNH:0
LF:0
LH:0
BRF:0
BRH:0
end_of_record
TN:
SF:/Users/jmcx/Documents/tronweb sdk/multi-chain-js/tronweb-wrapper/src/wrapper/actions/index.ts
FN:14,(anonymous_7)
FN:19,(anonymous_8)
FNF:2
FNH:2
FNDA:27,(anonymous_7)
FNDA:1,(anonymous_8)
DA:15,27
DA:17,27
DA:20,1
DA:22,1
LF:4
LH:4
BRF:0
BRH:0
end_of_record
TN:
SF:/Users/jmcx/Documents/tronweb sdk/multi-chain-js/tronweb-wrapper/src/wrapper/actions/result.ts
FN:11,(anonymous_0)
FNF:1
FNH:1
FNDA:53,(anonymous_0)
DA:12,53
DA:13,53
DA:14,53
LF:3
LH:3
BRF:0
BRH:0
end_of_record
TN:
SF:/Users/jmcx/Documents/tronweb sdk/multi-chain-js/tronweb-wrapper/src/wrapper/actions/status.ts
FN:11,(anonymous_0)
FNF:1
FNH:1
FNDA:53,(anonymous_0)
DA:12,53
DA:13,53
DA:14,53
LF:3
LH:3
BRF:0
BRH:0
end_of_record
TN:
SF:/Users/jmcx/Documents/tronweb sdk/multi-chain-js/tronweb-wrapper/src/wrapper/actions/actions/actions.ts
FN:16,(anonymous_7)
FN:19,(anonymous_8)
FN:22,(anonymous_10)
FN:25,(anonymous_12)
FN:28,(anonymous_14)
FN:31,(anonymous_16)
FN:34,(anonymous_18)
FN:37,(anonymous_20)
FN:40,(anonymous_22)
FN:44,(anonymous_24)
FN:48,(anonymous_26)
FN:52,(anonymous_28)
FN:56,(anonymous_30)
FN:59,(anonymous_32)
FNF:14
FNH:14
FNDA:27,(anonymous_7)
FNDA:1,(anonymous_8)
FNDA:1,(anonymous_10)
FNDA:1,(anonymous_12)
FNDA:1,(anonymous_14)
FNDA:3,(anonymous_16)
FNDA:1,(anonymous_18)
FNDA:2,(anonymous_20)
FNDA:1,(anonymous_22)
FNDA:1,(anonymous_24)
FNDA:2,(anonymous_26)
FNDA:1,(anonymous_28)
FNDA:1,(anonymous_30)
FNDA:10,(anonymous_32)
DA:20,1
DA:23,1
DA:26,1
DA:29,1
DA:32,3
DA:35,1
DA:38,2
DA:41,1
DA:45,1
DA:49,2
DA:54,1
DA:57,1
DA:60,10
LF:13
LH:13
BRF:0
BRH:0
end_of_record
TN:
SF:/Users/jmcx/Documents/tronweb sdk/multi-chain-js/tronweb-wrapper/src/wrapper/actions/actions/getAccount.ts
FN:6,(anonymous_7)
FNF:1
FNH:1
FNDA:1,(anonymous_7)
DA:9,1
DA:10,1
DA:11,1
DA:12,1
LF:4
LH:4
BRF:0
BRH:0
end_of_record
TN:
SF:/Users/jmcx/Documents/tronweb sdk/multi-chain-js/tronweb-wrapper/src/wrapper/actions/actions/getBalance.ts
FN:5,(anonymous_7)
FNF:1
FNH:1
FNDA:1,(anonymous_7)
DA:7,1
DA:8,1
LF:2
LH:2
BRF:0
BRH:0
end_of_record
TN:
SF:/Users/jmcx/Documents/tronweb sdk/multi-chain-js/tronweb-wrapper/src/wrapper/actions/actions/getBlock.ts
FN:8,(anonymous_7)
FNF:1
FNH:1
FNDA:1,(anonymous_7)
DA:10,1
DA:11,1
DA:32,1
LF:3
LH:3
BRDA:28,0,0,1
BRDA:28,0,1,0
BRF:2
BRH:1
end_of_record
TN:
SF:/Users/jmcx/Documents/tronweb sdk/multi-chain-js/tronweb-wrapper/src/wrapper/actions/actions/getBlockNumber.ts
FN:5,(anonymous_7)
FNF:1
FNH:1
FNDA:1,(anonymous_7)
DA:7,1
DA:8,1
DA:9,1
LF:3
LH:3
BRF:0
BRH:0
end_of_record
TN:
SF:/Users/jmcx/Documents/tronweb sdk/multi-chain-js/tronweb-wrapper/src/wrapper/actions/actions/getTransaction.ts
FN:8,(anonymous_7)
FN:17,getIndex
FN:31,getAmount
FNF:3
FNH:3
FNDA:3,(anonymous_7)
FNDA:2,getIndex
FNDA:2,getAmount
DA:9,3
DA:10,3
DA:11,3
DA:12,2
DA:13,2
DA:14,2
DA:18,2
DA:19,2
DA:20,2
DA:21,1
DA:24,1
DA:28,0
DA:32,2
DA:33,2
DA:35,1
DA:37,1
DA:39,2
DA:41,2
DA:42,2
DA:44,2
DA:58,2
DA:60,0
DA:63,1
LF:23
LH:21
BRDA:15,0,0,1
BRDA:15,0,1,1
BRDA:18,1,0,2
BRDA:18,1,1,0
BRDA:20,2,0,1
BRDA:20,2,1,1
BRDA:33,3,0,1
BRDA:33,3,1,1
BRDA:33,4,0,2
BRDA:33,4,1,2
BRDA:42,5,0,2
BRDA:42,5,1,0
BRF:12
BRH:10
end_of_record
TN:
SF:/Users/jmcx/Documents/tronweb sdk/multi-chain-js/tronweb-wrapper/src/wrapper/actions/actions/getTransactionCount.ts
FN:5,(anonymous_7)
FNF:1
FNH:1
FNDA:1,(anonymous_7)
DA:6,1
LF:1
LH:1
BRF:0
BRH:0
end_of_record
TN:
SF:/Users/jmcx/Documents/tronweb sdk/multi-chain-js/tronweb-wrapper/src/wrapper/actions/actions/loadContract.ts
FN:4,(anonymous_7)
FNF:1
FNH:1
FNDA:10,(anonymous_7)
DA:5,10
DA:6,10
DA:7,10
DA:9,0
LF:4
LH:3
BRF:0
BRH:0
end_of_record
TN:
SF:/Users/jmcx/Documents/tronweb sdk/multi-chain-js/tronweb-wrapper/src/wrapper/actions/actions/sendSignedTransaction.ts
FN:5,(anonymous_7)
FNF:1
FNH:1
FNDA:2,(anonymous_7)
DA:6,2
DA:7,2
DA:8,2
DA:9,2
DA:10,2
DA:11,2
DA:12,2
DA:13,2
DA:14,2
DA:16,2
DA:22,2
DA:24,2
DA:26,2
DA:28,0
LF:14
LH:13
BRDA:9,0,0,2
BRDA:9,0,1,0
BRF:2
BRH:1
end_of_record
TN:
SF:/Users/jmcx/Documents/tronweb sdk/multi-chain-js/tronweb-wrapper/src/wrapper/actions/actions/sendTransaction.ts
FN:5,(anonymous_7)
FN:7,(anonymous_9)
FNF:2
FNH:2
FNDA:1,(anonymous_7)
FNDA:1,(anonymous_9)
DA:7,1
DA:8,1
LF:2
LH:2
BRF:0
BRH:0
end_of_record
TN:
SF:/Users/jmcx/Documents/tronweb sdk/multi-chain-js/tronweb-wrapper/src/wrapper/actions/actions/signTransaction.ts
FN:7,(anonymous_7)
FNF:1
FNH:1
FNDA:2,(anonymous_7)
DA:8,2
LF:1
LH:1
BRF:0
BRH:0
end_of_record
TN:
SF:/Users/jmcx/Documents/tronweb sdk/multi-chain-js/tronweb-wrapper/src/wrapper/actions/actions/signTransactionPrivateKey.ts
FN:7,(anonymous_7)
FNF:1
FNH:1
FNDA:1,(anonymous_7)
DA:8,1
DA:9,1
DA:10,1
DA:11,1
DA:12,1
DA:13,1
DA:14,1
DA:15,1
DA:16,1
DA:18,1
DA:19,1
DA:20,1
DA:23,0
DA:24,0
DA:25,0
LF:15
LH:12
BRDA:11,0,0,1
BRDA:11,0,1,0
BRF:2
BRH:1
end_of_record
TN:
SF:/Users/jmcx/Documents/tronweb sdk/multi-chain-js/tronweb-wrapper/src/wrapper/actions/actions/signWithPrivateKey.ts
FN:6,(anonymous_7)
FNF:1
FNH:1
FNDA:1,(anonymous_7)
DA:7,1
LF:1
LH:1
BRF:0
BRH:0
end_of_record
TN:
SF:/Users/jmcx/Documents/tronweb sdk/multi-chain-js/tronweb-wrapper/src/wrapper/actions/actions/signWithWallet.ts
FN:6,(anonymous_7)
FNF:1
FNH:1
FNDA:1,(anonymous_7)
DA:16,1
LF:1
LH:1
BRF:0
BRH:0
end_of_record
TN:
SF:/Users/jmcx/Documents/tronweb sdk/multi-chain-js/tronweb-wrapper/src/wrapper/consts/consts.ts
FN:4,(anonymous_0)
FN:5,(anonymous_1)
FN:6,(anonymous_2)
FN:7,(anonymous_3)
FNF:4
FNH:3
FNDA:33,(anonymous_0)
FNDA:0,(anonymous_1)
FNDA:10,(anonymous_2)
FNDA:10,(anonymous_3)
DA:3,1
DA:4,33
DA:5,0
DA:6,10
DA:7,10
LF:5
LH:4
BRF:0
BRH:0
end_of_record
TN:
SF:/Users/jmcx/Documents/tronweb sdk/multi-chain-js/tronweb-wrapper/src/wrapper/fieldDefinition/getBlockField.ts
FNF:0
FNH:0
LF:0
LH:0
BRF:0
BRH:0
end_of_record
TN:
SF:/Users/jmcx/Documents/tronweb sdk/multi-chain-js/tronweb-wrapper/src/wrapper/fieldDefinition/getTransactionField.ts
FNF:0
FNH:0
LF:0
LH:0
BRF:0
BRH:0
end_of_record
TN:
SF:/Users/jmcx/Documents/tronweb sdk/multi-chain-js/tronweb-wrapper/src/wrapper/fieldDefinition/signTransactionField.ts
FNF:0
FNH:0
LF:0
LH:0
BRF:0
BRH:0
end_of_record
