TN:
SF:/Users/jmcx/Desktop/polkadot-wrapper/multi-chain-js/polkadot-wrapper/src/wrapper/connector.ts
FN:12,(anonymous_7)
FNF:1
FNH:0
FNDA:0,(anonymous_7)
DA:13,0
DA:14,0
DA:15,0
DA:16,0
DA:18,0
DA:19,0
DA:21,0
LF:7
LH:0
BRDA:15,0,0,0
BRDA:15,0,1,0
BRF:2
BRH:0
end_of_record
TN:
SF:/Users/jmcx/Desktop/polkadot-wrapper/multi-chain-js/polkadot-wrapper/src/wrapper/contractCall.ts
FN:5,(anonymous_7)
FN:9,(anonymous_9)
FNF:2
FNH:0
FNDA:0,(anonymous_7)
FNDA:0,(anonymous_9)
DA:6,0
DA:10,0
LF:2
LH:0
BRF:0
BRH:0
end_of_record
TN:
SF:/Users/jmcx/Desktop/polkadot-wrapper/multi-chain-js/polkadot-wrapper/src/wrapper/utils.ts
FNF:0
FNH:0
DA:4,1
LF:1
LH:1
BRF:0
BRH:0
end_of_record
TN:
SF:/Users/jmcx/Desktop/polkadot-wrapper/multi-chain-js/polkadot-wrapper/src/wrapper/wrapper.ts
FNF:0
FNH:0
LF:0
LH:0
BRF:0
BRH:0
end_of_record
TN:
SF:/Users/jmcx/Desktop/polkadot-wrapper/multi-chain-js/polkadot-wrapper/src/wrapper/actions/classInterface.ts
FNF:0
FNH:0
LF:0
LH:0
BRF:0
BRH:0
end_of_record
TN:
SF:/Users/jmcx/Desktop/polkadot-wrapper/multi-chain-js/polkadot-wrapper/src/wrapper/actions/index.ts
FN:12,(anonymous_7)
FN:17,(anonymous_8)
FNF:2
FNH:0
FNDA:0,(anonymous_7)
FNDA:0,(anonymous_8)
DA:13,0
DA:14,0
DA:15,0
DA:18,0
DA:19,0
DA:20,0
LF:6
LH:0
BRF:0
BRH:0
end_of_record
TN:
SF:/Users/jmcx/Desktop/polkadot-wrapper/multi-chain-js/polkadot-wrapper/src/wrapper/actions/result.ts
FN:11,(anonymous_0)
FNF:1
FNH:0
FNDA:0,(anonymous_0)
DA:12,0
DA:13,0
DA:14,0
LF:3
LH:0
BRF:0
BRH:0
end_of_record
TN:
SF:/Users/jmcx/Desktop/polkadot-wrapper/multi-chain-js/polkadot-wrapper/src/wrapper/actions/status.ts
FN:11,(anonymous_0)
FNF:1
FNH:0
FNDA:0,(anonymous_0)
DA:12,0
DA:13,0
DA:14,0
LF:3
LH:0
BRF:0
BRH:0
end_of_record
TN:
SF:/Users/jmcx/Desktop/polkadot-wrapper/multi-chain-js/polkadot-wrapper/src/wrapper/actions/actions/actions.ts
FN:16,(anonymous_7)
FN:19,(anonymous_8)
FN:22,(anonymous_10)
FN:25,(anonymous_12)
FN:28,(anonymous_14)
FN:31,(anonymous_16)
FN:34,(anonymous_18)
FN:37,(anonymous_20)
FN:40,(anonymous_22)
FN:43,(anonymous_24)
FN:46,(anonymous_26)
FN:49,(anonymous_28)
FN:52,(anonymous_30)
FN:55,(anonymous_32)
FNF:14
FNH:0
FNDA:0,(anonymous_7)
FNDA:0,(anonymous_8)
FNDA:0,(anonymous_10)
FNDA:0,(anonymous_12)
FNDA:0,(anonymous_14)
FNDA:0,(anonymous_16)
FNDA:0,(anonymous_18)
FNDA:0,(anonymous_20)
FNDA:0,(anonymous_22)
FNDA:0,(anonymous_24)
FNDA:0,(anonymous_26)
FNDA:0,(anonymous_28)
FNDA:0,(anonymous_30)
FNDA:0,(anonymous_32)
DA:20,0
DA:23,0
DA:26,0
DA:29,0
DA:32,0
DA:35,0
DA:38,0
DA:41,0
DA:44,0
DA:47,0
DA:50,0
DA:53,0
DA:56,0
LF:13
LH:0
BRF:0
BRH:0
end_of_record
TN:
SF:/Users/jmcx/Desktop/polkadot-wrapper/multi-chain-js/polkadot-wrapper/src/wrapper/actions/actions/getAccount.ts
FN:7,(anonymous_7)
FNF:1
FNH:0
FNDA:0,(anonymous_7)
DA:8,0
DA:9,0
DA:10,0
DA:12,0
LF:4
LH:0
BRF:0
BRH:0
end_of_record
TN:
SF:/Users/jmcx/Desktop/polkadot-wrapper/multi-chain-js/polkadot-wrapper/src/wrapper/actions/actions/getBalance.ts
FN:6,(anonymous_7)
FNF:1
FNH:0
FNDA:0,(anonymous_7)
DA:7,0
DA:8,0
DA:9,0
DA:10,0
DA:11,0
DA:13,0
LF:6
LH:0
BRF:0
BRH:0
end_of_record
TN:
SF:/Users/jmcx/Desktop/polkadot-wrapper/multi-chain-js/polkadot-wrapper/src/wrapper/actions/actions/getBlock.ts
FN:7,(anonymous_7)
FNF:1
FNH:0
FNDA:0,(anonymous_7)
DA:8,0
DA:9,0
DA:10,0
DA:11,0
DA:12,0
DA:13,0
DA:14,0
DA:16,0
LF:8
LH:0
BRF:0
BRH:0
end_of_record
TN:
SF:/Users/jmcx/Desktop/polkadot-wrapper/multi-chain-js/polkadot-wrapper/src/wrapper/actions/actions/getBlockNumber.ts
FN:6,(anonymous_7)
FNF:1
FNH:0
FNDA:0,(anonymous_7)
DA:7,0
DA:8,0
DA:9,0
DA:10,0
DA:11,0
DA:13,0
LF:6
LH:0
BRF:0
BRH:0
end_of_record
TN:
SF:/Users/jmcx/Desktop/polkadot-wrapper/multi-chain-js/polkadot-wrapper/src/wrapper/actions/actions/getTransaction.ts
FN:7,(anonymous_7)
FNF:1
FNH:0
FNDA:0,(anonymous_7)
DA:8,0
LF:1
LH:0
BRF:0
BRH:0
end_of_record
TN:
SF:/Users/jmcx/Desktop/polkadot-wrapper/multi-chain-js/polkadot-wrapper/src/wrapper/actions/actions/getTransactionCount.ts
FN:5,(anonymous_7)
FNF:1
FNH:0
FNDA:0,(anonymous_7)
DA:6,0
LF:1
LH:0
BRF:0
BRH:0
end_of_record
TN:
SF:/Users/jmcx/Desktop/polkadot-wrapper/multi-chain-js/polkadot-wrapper/src/wrapper/actions/actions/loadContract.ts
FN:5,(anonymous_7)
FNF:1
FNH:0
FNDA:0,(anonymous_7)
DA:6,0
LF:1
LH:0
BRF:0
BRH:0
end_of_record
TN:
SF:/Users/jmcx/Desktop/polkadot-wrapper/multi-chain-js/polkadot-wrapper/src/wrapper/actions/actions/sendSignedTransaction.ts
FN:7,(anonymous_7)
FN:15,(anonymous_9)
FN:22,(anonymous_10)
FNF:3
FNH:0
FNDA:0,(anonymous_7)
FNDA:0,(anonymous_9)
FNDA:0,(anonymous_10)
DA:8,0
DA:9,0
DA:10,0
DA:11,0
DA:12,0
DA:13,0
DA:14,0
DA:15,0
DA:16,0
DA:17,0
DA:18,0
DA:20,0
DA:23,0
DA:24,0
DA:26,0
DA:28,0
LF:16
LH:0
BRDA:16,0,0,0
BRDA:16,0,1,0
BRF:2
BRH:0
end_of_record
TN:
SF:/Users/jmcx/Desktop/polkadot-wrapper/multi-chain-js/polkadot-wrapper/src/wrapper/actions/actions/sendTransaction.ts
FN:6,(anonymous_7)
FNF:1
FNH:0
FNDA:0,(anonymous_7)
DA:7,0
LF:1
LH:0
BRF:0
BRH:0
end_of_record
TN:
SF:/Users/jmcx/Desktop/polkadot-wrapper/multi-chain-js/polkadot-wrapper/src/wrapper/actions/actions/signTransaction.ts
FN:6,(anonymous_7)
FNF:1
FNH:0
FNDA:0,(anonymous_7)
DA:7,0
LF:1
LH:0
BRF:0
BRH:0
end_of_record
TN:
SF:/Users/jmcx/Desktop/polkadot-wrapper/multi-chain-js/polkadot-wrapper/src/wrapper/actions/actions/signTransactionPrivateKey.ts
FN:6,(anonymous_7)
FNF:1
FNH:0
FNDA:0,(anonymous_7)
DA:7,0
LF:1
LH:0
BRF:0
BRH:0
end_of_record
TN:
SF:/Users/jmcx/Desktop/polkadot-wrapper/multi-chain-js/polkadot-wrapper/src/wrapper/actions/actions/signWithPrivateKey.ts
FN:7,(anonymous_7)
FNF:1
FNH:0
FNDA:0,(anonymous_7)
DA:8,0
LF:1
LH:0
BRF:0
BRH:0
end_of_record
TN:
SF:/Users/jmcx/Desktop/polkadot-wrapper/multi-chain-js/polkadot-wrapper/src/wrapper/actions/actions/signWithWallet.ts
FN:7,(anonymous_7)
FNF:1
FNH:0
FNDA:0,(anonymous_7)
DA:8,0
DA:9,0
DA:10,0
DA:11,0
DA:12,0
DA:13,0
DA:14,0
DA:15,0
DA:20,0
DA:22,0
DA:25,0
LF:11
LH:0
BRDA:12,0,0,0
BRDA:12,0,1,0
BRDA:12,1,0,0
BRDA:12,1,1,0
BRDA:12,2,0,0
BRDA:12,2,1,0
BRDA:12,3,0,0
BRDA:12,3,1,0
BRDA:14,4,0,0
BRDA:14,4,1,0
BRF:10
BRH:0
end_of_record
TN:
SF:/Users/jmcx/Desktop/polkadot-wrapper/multi-chain-js/polkadot-wrapper/src/wrapper/consts/consts.ts
FN:4,(anonymous_0)
FN:5,(anonymous_1)
FN:6,(anonymous_2)
FN:7,(anonymous_3)
FNF:4
FNH:0
FNDA:0,(anonymous_0)
FNDA:0,(anonymous_1)
FNDA:0,(anonymous_2)
FNDA:0,(anonymous_3)
DA:3,1
DA:4,0
DA:5,0
DA:6,0
DA:7,0
LF:5
LH:1
BRF:0
BRH:0
end_of_record
TN:
SF:/Users/jmcx/Desktop/polkadot-wrapper/multi-chain-js/polkadot-wrapper/src/wrapper/fieldDefinition/getBlockField.ts
FNF:0
FNH:0
LF:0
LH:0
BRF:0
BRH:0
end_of_record
TN:
SF:/Users/jmcx/Desktop/polkadot-wrapper/multi-chain-js/polkadot-wrapper/src/wrapper/fieldDefinition/getTransactionField.ts
FNF:0
FNH:0
LF:0
LH:0
BRF:0
BRH:0
end_of_record
TN:
SF:/Users/jmcx/Desktop/polkadot-wrapper/multi-chain-js/polkadot-wrapper/src/wrapper/fieldDefinition/signTransactionField.ts
FNF:0
FNH:0
LF:0
LH:0
BRF:0
BRH:0
end_of_record
