TN:
SF:/Users/jmcx/Desktop/web3-wrapper/multi-chain-js/web3-wrapper/src/get-selection-more.ts
FN:4,getTextFromSelection
FN:32,getText
FN:39,getParagraphFromSelection
FN:64,getParagraph
FN:71,getSentenceFromSelection
FN:100,getSentence
FN:104,extractParagraphHead
FN:132,extractParagraphTail
FN:160,extractSentenceHead
FN:181,extractSentenceTail
FN:188,getTextFromNode
FN:197,isInlineNode
FNF:12
FNH:0
FNDA:0,getTextFromSelection
FNDA:0,getText
FNDA:0,getParagraphFromSelection
FNDA:0,getParagraph
FNDA:0,getSentenceFromSelection
FNDA:0,getSentence
FNDA:0,extractParagraphHead
FNDA:0,extractParagraphTail
FNDA:0,extractSentenceHead
FNDA:0,extractSentenceTail
FNDA:0,getTextFromNode
FNDA:0,isInlineNode
DA:8,0
DA:9,0
DA:10,0
DA:11,0
DA:17,0
DA:19,0
DA:20,0
DA:21,0
DA:22,0
DA:26,0
DA:33,0
DA:40,0
DA:41,0
DA:44,0
DA:45,0
DA:46,0
DA:49,0
DA:52,0
DA:56,0
DA:65,0
DA:72,0
DA:73,0
DA:76,0
DA:77,0
DA:78,0
DA:81,0
DA:84,0
DA:88,0
DA:101,0
DA:105,0
DA:106,0
DA:107,0
DA:109,0
DA:110,0
DA:111,0
DA:113,0
DA:117,0
DA:119,0
DA:123,0
DA:124,0
DA:125,0
DA:129,0
DA:133,0
DA:134,0
DA:135,0
DA:137,0
DA:138,0
DA:139,0
DA:141,0
DA:145,0
DA:147,0
DA:151,0
DA:152,0
DA:153,0
DA:157,0
DA:162,0
DA:163,0
DA:165,0
DA:167,0
DA:168,0
DA:169,0
DA:170,0
DA:172,0
DA:174,0
DA:178,0
DA:183,0
DA:185,0
DA:189,0
DA:190,0
DA:191,0
DA:192,0
DA:194,0
DA:198,0
DA:199,0
DA:202,0
DA:206,0
DA:208,0
DA:239,0
DA:243,0
LF:79
LH:0
BRDA:4,0,0,0
BRDA:8,1,0,0
BRDA:8,1,1,0
BRDA:10,2,0,0
BRDA:10,2,1,0
BRDA:19,3,0,0
BRDA:20,4,0,0
BRDA:20,4,1,0
BRDA:20,5,0,0
BRDA:20,5,1,0
BRDA:22,6,0,0
BRDA:22,6,1,0
BRDA:22,7,0,0
BRDA:22,7,1,0
BRDA:32,8,0,0
BRDA:40,9,0,0
BRDA:40,9,1,0
BRDA:40,10,0,0
BRDA:40,10,1,0
BRDA:45,11,0,0
BRDA:45,11,1,0
BRDA:52,12,0,0
BRDA:64,13,0,0
BRDA:72,14,0,0
BRDA:72,14,1,0
BRDA:72,15,0,0
BRDA:72,15,1,0
BRDA:77,16,0,0
BRDA:77,16,1,0
BRDA:84,17,0,0
BRDA:100,18,0,0
BRDA:108,19,0,0
BRDA:108,19,1,0
BRDA:108,19,2,0
BRDA:108,19,3,0
BRDA:110,20,0,0
BRDA:110,20,1,0
BRDA:136,21,0,0
BRDA:136,21,1,0
BRDA:136,21,2,0
BRDA:136,21,3,0
BRDA:138,22,0,0
BRDA:138,22,1,0
BRDA:162,23,0,0
BRDA:162,23,1,0
BRDA:169,24,0,0
BRDA:169,24,1,0
BRDA:170,25,0,0
BRDA:170,25,1,0
BRDA:170,26,0,0
BRDA:170,26,1,0
BRDA:185,27,0,0
BRDA:189,28,0,0
BRDA:189,28,1,0
BRDA:190,29,0,0
BRDA:191,30,0,0
BRDA:191,30,1,0
BRDA:192,31,0,0
BRDA:198,32,0,0
BRDA:198,32,1,0
BRDA:203,33,0,0
BRDA:203,33,1,0
BRDA:203,33,2,0
BRDA:203,33,3,0
BRDA:209,34,0,0
BRDA:209,34,1,0
BRDA:209,34,2,0
BRDA:209,34,3,0
BRDA:209,34,4,0
BRDA:209,34,5,0
BRDA:209,34,6,0
BRDA:209,34,7,0
BRDA:209,34,8,0
BRDA:209,34,9,0
BRDA:209,34,10,0
BRDA:209,34,11,0
BRDA:209,34,12,0
BRDA:209,34,13,0
BRDA:209,34,14,0
BRDA:209,34,15,0
BRDA:209,34,16,0
BRDA:209,34,17,0
BRDA:209,34,18,0
BRDA:209,34,19,0
BRDA:209,34,20,0
BRDA:209,34,21,0
BRDA:209,34,22,0
BRDA:209,34,23,0
BRDA:209,34,24,0
BRDA:209,34,25,0
BRDA:209,34,26,0
BRDA:209,34,27,0
BRDA:209,34,28,0
BRDA:209,34,29,0
BRF:94
BRH:0
end_of_record
TN:
SF:/Users/jmcx/Desktop/web3-wrapper/multi-chain-js/web3-wrapper/src/wrapper/connector.ts
FN:5,(anonymous_0)
FNF:1
FNH:0
FNDA:0,(anonymous_0)
DA:6,0
DA:7,0
DA:8,0
DA:9,0
DA:10,0
DA:11,0
DA:13,0
DA:17,0
LF:8
LH:0
BRDA:6,0,0,0
BRDA:6,0,1,0
BRDA:7,1,0,0
BRDA:7,1,1,0
BRDA:9,2,0,0
BRDA:9,2,1,0
BRF:6
BRH:0
end_of_record
TN:
SF:/Users/jmcx/Desktop/web3-wrapper/multi-chain-js/web3-wrapper/src/wrapper/contractCall.ts
FN:5,getContractMethod
FN:17,(anonymous_8)
FN:23,(anonymous_10)
FN:24,(anonymous_11)
FN:27,(anonymous_12)
FN:33,(anonymous_13)
FN:45,(anonymous_15)
FN:46,(anonymous_16)
FN:48,(anonymous_17)
FNF:9
FNH:0
FNDA:0,getContractMethod
FNDA:0,(anonymous_8)
FNDA:0,(anonymous_10)
FNDA:0,(anonymous_11)
FNDA:0,(anonymous_12)
FNDA:0,(anonymous_13)
FNDA:0,(anonymous_15)
FNDA:0,(anonymous_16)
FNDA:0,(anonymous_17)
DA:6,0
DA:7,0
DA:8,0
DA:9,0
DA:10,0
DA:18,0
DA:19,0
DA:20,0
DA:21,0
DA:23,0
DA:24,0
DA:25,0
DA:26,0
DA:28,0
DA:34,0
DA:35,0
DA:36,0
DA:37,0
DA:39,0
DA:40,0
DA:45,0
DA:46,0
DA:47,0
DA:49,0
LF:24
LH:0
BRDA:8,0,0,0
BRDA:8,0,1,0
BRDA:20,1,0,0
BRDA:20,1,1,0
BRDA:36,2,0,0
BRDA:36,2,1,0
BRF:6
BRH:0
end_of_record
TN:
SF:/Users/jmcx/Desktop/web3-wrapper/multi-chain-js/web3-wrapper/src/wrapper/utils.ts
FN:8,GasSetting
FN:14,(anonymous_1)
FNF:2
FNH:0
FNDA:0,GasSetting
FNDA:0,(anonymous_1)
DA:4,1
DA:9,0
DA:10,0
DA:11,0
DA:14,1
DA:16,0
DA:17,0
DA:19,0
DA:21,0
LF:9
LH:2
BRDA:9,0,0,0
BRDA:9,0,1,0
BRDA:10,1,0,0
BRDA:10,1,1,0
BRDA:16,2,0,0
BRDA:16,2,1,0
BRF:6
BRH:0
end_of_record
TN:
SF:/Users/jmcx/Desktop/web3-wrapper/multi-chain-js/web3-wrapper/src/wrapper/wrapper.ts
FNF:0
FNH:0
LF:0
LH:0
BRF:0
BRH:0
end_of_record
TN:
SF:/Users/jmcx/Desktop/web3-wrapper/multi-chain-js/web3-wrapper/src/wrapper/actions/classInterface.ts
FNF:0
FNH:0
LF:0
LH:0
BRF:0
BRH:0
end_of_record
TN:
SF:/Users/jmcx/Desktop/web3-wrapper/multi-chain-js/web3-wrapper/src/wrapper/actions/index.ts
FN:12,(anonymous_7)
FN:17,(anonymous_8)
FNF:2
FNH:1
FNDA:4,(anonymous_7)
FNDA:0,(anonymous_8)
DA:13,4
DA:14,4
DA:15,4
DA:18,0
DA:19,0
LF:5
LH:3
BRF:0
BRH:0
end_of_record
TN:
SF:/Users/jmcx/Desktop/web3-wrapper/multi-chain-js/web3-wrapper/src/wrapper/actions/result.ts
FN:11,(anonymous_0)
FNF:1
FNH:1
FNDA:6,(anonymous_0)
DA:12,6
DA:13,6
DA:14,6
LF:3
LH:3
BRF:0
BRH:0
end_of_record
TN:
SF:/Users/jmcx/Desktop/web3-wrapper/multi-chain-js/web3-wrapper/src/wrapper/actions/status.ts
FN:11,(anonymous_0)
FNF:1
FNH:1
FNDA:6,(anonymous_0)
DA:12,6
DA:13,6
DA:14,6
LF:3
LH:3
BRF:0
BRH:0
end_of_record
TN:
SF:/Users/jmcx/Desktop/web3-wrapper/multi-chain-js/web3-wrapper/src/wrapper/actions/actions/actions.ts
FN:13,(anonymous_7)
FN:16,(anonymous_8)
FN:19,(anonymous_10)
FN:22,(anonymous_12)
FN:25,(anonymous_14)
FN:28,(anonymous_16)
FN:31,(anonymous_18)
FN:34,(anonymous_20)
FN:37,(anonymous_22)
FN:40,(anonymous_24)
FN:43,(anonymous_26)
FNF:11
FNH:5
FNDA:4,(anonymous_7)
FNDA:1,(anonymous_8)
FNDA:1,(anonymous_10)
FNDA:1,(anonymous_12)
FNDA:1,(anonymous_14)
FNDA:0,(anonymous_16)
FNDA:0,(anonymous_18)
FNDA:0,(anonymous_20)
FNDA:0,(anonymous_22)
FNDA:0,(anonymous_24)
FNDA:0,(anonymous_26)
DA:17,1
DA:20,1
DA:23,1
DA:26,1
DA:29,0
DA:32,0
DA:35,0
DA:38,0
DA:41,0
DA:44,0
LF:10
LH:4
BRF:0
BRH:0
end_of_record
TN:
SF:/Users/jmcx/Desktop/web3-wrapper/multi-chain-js/web3-wrapper/src/wrapper/actions/actions/getAccount.ts
FN:6,(anonymous_7)
FNF:1
FNH:1
FNDA:1,(anonymous_7)
DA:7,1
DA:8,0
DA:12,1
DA:13,0
DA:14,0
DA:16,0
LF:6
LH:2
BRDA:7,0,0,0
BRDA:7,0,1,1
BRDA:9,1,0,0
BRDA:9,1,1,0
BRDA:13,2,0,0
BRDA:13,2,1,0
BRF:6
BRH:1
end_of_record
TN:
SF:/Users/jmcx/Desktop/web3-wrapper/multi-chain-js/web3-wrapper/src/wrapper/actions/actions/getBalance.ts
FN:5,(anonymous_7)
FNF:1
FNH:1
FNDA:1,(anonymous_7)
DA:6,1
DA:7,1
DA:8,0
DA:10,1
LF:4
LH:3
BRF:0
BRH:0
end_of_record
TN:
SF:/Users/jmcx/Desktop/web3-wrapper/multi-chain-js/web3-wrapper/src/wrapper/actions/actions/getBlock.ts
FN:6,(anonymous_7)
FNF:1
FNH:1
FNDA:1,(anonymous_7)
DA:7,1
DA:8,1
DA:9,0
DA:10,0
DA:11,0
DA:12,0
DA:13,0
DA:14,0
DA:15,0
DA:16,0
DA:17,0
DA:18,0
DA:19,0
DA:20,0
DA:21,0
DA:22,0
DA:23,0
DA:24,0
DA:25,0
DA:26,0
DA:27,0
DA:28,0
DA:30,1
LF:23
LH:3
BRF:0
BRH:0
end_of_record
TN:
SF:/Users/jmcx/Desktop/web3-wrapper/multi-chain-js/web3-wrapper/src/wrapper/actions/actions/getBlockNumber.ts
FN:5,(anonymous_7)
FNF:1
FNH:1
FNDA:1,(anonymous_7)
DA:6,1
DA:7,1
DA:8,0
DA:10,1
LF:4
LH:3
BRF:0
BRH:0
end_of_record
TN:
SF:/Users/jmcx/Desktop/web3-wrapper/multi-chain-js/web3-wrapper/src/wrapper/actions/actions/getTransaction.ts
FN:6,(anonymous_7)
FNF:1
FNH:0
FNDA:0,(anonymous_7)
DA:7,0
DA:8,0
DA:9,0
DA:10,0
DA:11,0
DA:12,0
DA:13,0
DA:14,0
DA:15,0
DA:16,0
DA:17,0
DA:18,0
DA:19,0
DA:20,0
DA:21,0
DA:23,0
LF:16
LH:0
BRF:0
BRH:0
end_of_record
TN:
SF:/Users/jmcx/Desktop/web3-wrapper/multi-chain-js/web3-wrapper/src/wrapper/actions/actions/getTransactionCount.ts
FN:5,(anonymous_7)
FNF:1
FNH:0
FNDA:0,(anonymous_7)
DA:6,0
DA:7,0
DA:8,0
DA:10,0
LF:4
LH:0
BRF:0
BRH:0
end_of_record
TN:
SF:/Users/jmcx/Desktop/web3-wrapper/multi-chain-js/web3-wrapper/src/wrapper/actions/actions/loadContract.ts
FN:5,(anonymous_7)
FNF:1
FNH:0
FNDA:0,(anonymous_7)
DA:6,0
DA:7,0
DA:8,0
DA:10,0
LF:4
LH:0
BRF:0
BRH:0
end_of_record
TN:
SF:/Users/jmcx/Desktop/web3-wrapper/multi-chain-js/web3-wrapper/src/wrapper/actions/actions/sendSignedTransaction.ts
FN:5,(anonymous_7)
FNF:1
FNH:0
FNDA:0,(anonymous_7)
DA:6,0
DA:7,0
DA:8,0
DA:10,0
LF:4
LH:0
BRF:0
BRH:0
end_of_record
TN:
SF:/Users/jmcx/Desktop/web3-wrapper/multi-chain-js/web3-wrapper/src/wrapper/actions/actions/sign.ts
FN:5,(anonymous_7)
FNF:1
FNH:0
FNDA:0,(anonymous_7)
DA:6,0
DA:7,0
DA:8,0
DA:9,0
DA:11,0
LF:5
LH:0
BRF:0
BRH:0
end_of_record
TN:
SF:/Users/jmcx/Desktop/web3-wrapper/multi-chain-js/web3-wrapper/src/wrapper/actions/actions/signTransaction.ts
FN:6,(anonymous_7)
FNF:1
FNH:0
FNDA:0,(anonymous_7)
DA:7,0
DA:8,0
DA:9,0
DA:10,0
DA:11,0
DA:12,0
DA:14,0
LF:7
LH:0
BRF:0
BRH:0
end_of_record
TN:
SF:/Users/jmcx/Desktop/web3-wrapper/multi-chain-js/web3-wrapper/src/wrapper/consts/consts.ts
FN:4,(anonymous_0)
FN:5,(anonymous_1)
FN:6,(anonymous_2)
FN:7,(anonymous_3)
FNF:4
FNH:1
FNDA:0,(anonymous_0)
FNDA:0,(anonymous_1)
FNDA:6,(anonymous_2)
FNDA:0,(anonymous_3)
DA:3,1
DA:4,0
DA:5,0
DA:6,6
DA:7,0
LF:5
LH:2
BRF:0
BRH:0
end_of_record
TN:
SF:/Users/jmcx/Desktop/web3-wrapper/multi-chain-js/web3-wrapper/src/wrapper/fieldDefinition/getBlockField.ts
FNF:0
FNH:0
LF:0
LH:0
BRF:0
BRH:0
end_of_record
TN:
SF:/Users/jmcx/Desktop/web3-wrapper/multi-chain-js/web3-wrapper/src/wrapper/fieldDefinition/getTransactionField.ts
FNF:0
FNH:0
LF:0
LH:0
BRF:0
BRH:0
end_of_record
TN:
SF:/Users/jmcx/Desktop/web3-wrapper/multi-chain-js/web3-wrapper/src/wrapper/fieldDefinition/signTransactionField.ts
FNF:0
FNH:0
LF:0
LH:0
BRF:0
BRH:0
end_of_record
