TN:
SF:/Users/jmcx/Desktop/web3-wrapper/multi-chain-js/web3-wrapper/src/wrapper/connector.ts
FN:5,(anonymous_0)
FN:9,(anonymous_1)
FNF:2
FNH:1
FNDA:2,(anonymous_0)
FNDA:0,(anonymous_1)
DA:6,2
DA:7,1
DA:8,1
DA:9,0
DA:10,0
DA:13,1
DA:16,1
LF:7
LH:5
BRDA:6,0,0,1
BRDA:6,0,1,1
BRDA:8,1,0,0
BRDA:8,1,1,1
BRF:4
BRH:3
end_of_record
TN:
SF:/Users/jmcx/Desktop/web3-wrapper/multi-chain-js/web3-wrapper/src/wrapper/contractCall.ts
FN:5,getContractMethod
FN:22,(anonymous_8)
FN:29,(anonymous_10)
FN:29,(anonymous_11)
FN:30,(anonymous_12)
FN:32,(anonymous_13)
FN:39,(anonymous_14)
FN:54,(anonymous_16)
FN:55,(anonymous_17)
FN:57,(anonymous_18)
FN:59,(anonymous_19)
FNF:11
FNH:6
FNDA:7,getContractMethod
FNDA:3,(anonymous_8)
FNDA:1,(anonymous_10)
FNDA:1,(anonymous_11)
FNDA:1,(anonymous_12)
FNDA:0,(anonymous_13)
FNDA:2,(anonymous_14)
FNDA:0,(anonymous_16)
FNDA:0,(anonymous_17)
FNDA:0,(anonymous_18)
FNDA:0,(anonymous_19)
DA:7,7
DA:8,7
DA:10,2
DA:13,7
DA:14,2
DA:15,2
DA:23,3
DA:24,3
DA:26,3
DA:27,2
DA:29,1
DA:30,1
DA:31,1
DA:33,0
DA:34,0
DA:41,2
DA:42,2
DA:44,2
DA:45,2
DA:46,2
DA:48,0
DA:49,0
DA:54,0
DA:55,0
DA:58,0
DA:60,0
LF:26
LH:18
BRDA:13,0,0,5
BRDA:13,0,1,2
BRDA:23,1,0,2
BRDA:23,1,1,1
BRDA:26,2,0,2
BRDA:26,2,1,1
BRDA:41,3,0,1
BRDA:41,3,1,1
BRDA:45,4,0,2
BRDA:45,4,1,0
BRF:10
BRH:9
end_of_record
TN:
SF:/Users/jmcx/Desktop/web3-wrapper/multi-chain-js/web3-wrapper/src/wrapper/utils.ts
FN:8,GasSetting
FN:14,(anonymous_1)
FNF:2
FNH:1
FNDA:0,GasSetting
FNDA:1,(anonymous_1)
DA:4,1
DA:9,0
DA:10,0
DA:11,0
DA:14,1
DA:16,1
DA:17,1
DA:18,0
DA:20,1
DA:22,1
LF:10
LH:6
BRDA:9,0,0,0
BRDA:9,0,1,0
BRDA:10,1,0,0
BRDA:10,1,1,0
BRDA:17,2,0,0
BRDA:17,2,1,1
BRF:6
BRH:1
end_of_record
TN:
SF:/Users/jmcx/Desktop/web3-wrapper/multi-chain-js/web3-wrapper/src/wrapper/wrapper.ts
FNF:0
FNH:0
LF:0
LH:0
BRF:0
BRH:0
end_of_record
TN:
SF:/Users/jmcx/Desktop/web3-wrapper/multi-chain-js/web3-wrapper/src/wrapper/actions/classInterface.ts
FNF:0
FNH:0
LF:0
LH:0
BRF:0
BRH:0
end_of_record
TN:
SF:/Users/jmcx/Desktop/web3-wrapper/multi-chain-js/web3-wrapper/src/wrapper/actions/index.ts
FN:12,(anonymous_7)
FN:17,(anonymous_8)
FNF:2
FNH:2
FNDA:27,(anonymous_7)
FNDA:1,(anonymous_8)
DA:13,27
DA:14,27
DA:15,27
DA:18,1
DA:19,1
LF:5
LH:5
BRF:0
BRH:0
end_of_record
TN:
SF:/Users/jmcx/Desktop/web3-wrapper/multi-chain-js/web3-wrapper/src/wrapper/actions/result.ts
FN:11,(anonymous_0)
FNF:1
FNH:1
FNDA:54,(anonymous_0)
DA:12,54
DA:13,54
DA:14,54
LF:3
LH:3
BRF:0
BRH:0
end_of_record
TN:
SF:/Users/jmcx/Desktop/web3-wrapper/multi-chain-js/web3-wrapper/src/wrapper/actions/status.ts
FN:11,(anonymous_0)
FNF:1
FNH:1
FNDA:54,(anonymous_0)
DA:12,54
DA:13,54
DA:14,54
LF:3
LH:3
BRF:0
BRH:0
end_of_record
TN:
SF:/Users/jmcx/Desktop/web3-wrapper/multi-chain-js/web3-wrapper/src/wrapper/actions/actions/actions.ts
FN:16,(anonymous_7)
FN:19,(anonymous_8)
FN:22,(anonymous_10)
FN:25,(anonymous_12)
FN:28,(anonymous_14)
FN:31,(anonymous_16)
FN:34,(anonymous_18)
FN:37,(anonymous_20)
FN:40,(anonymous_22)
FN:43,(anonymous_24)
FN:46,(anonymous_26)
FN:49,(anonymous_28)
FN:52,(anonymous_30)
FN:55,(anonymous_32)
FNF:14
FNH:10
FNDA:27,(anonymous_7)
FNDA:2,(anonymous_8)
FNDA:2,(anonymous_10)
FNDA:0,(anonymous_12)
FNDA:2,(anonymous_14)
FNDA:2,(anonymous_16)
FNDA:2,(anonymous_18)
FNDA:0,(anonymous_20)
FNDA:0,(anonymous_22)
FNDA:2,(anonymous_24)
FNDA:1,(anonymous_26)
FNDA:2,(anonymous_28)
FNDA:0,(anonymous_30)
FNDA:9,(anonymous_32)
DA:20,2
DA:23,2
DA:26,0
DA:29,2
DA:32,2
DA:35,2
DA:38,0
DA:41,0
DA:44,2
DA:47,1
DA:50,2
DA:53,0
DA:56,9
LF:13
LH:9
BRF:0
BRH:0
end_of_record
TN:
SF:/Users/jmcx/Desktop/web3-wrapper/multi-chain-js/web3-wrapper/src/wrapper/actions/actions/getAccount.ts
FN:6,(anonymous_7)
FNF:1
FNH:1
FNDA:2,(anonymous_7)
DA:7,2
DA:8,2
DA:9,1
DA:11,1
LF:4
LH:4
BRF:0
BRH:0
end_of_record
TN:
SF:/Users/jmcx/Desktop/web3-wrapper/multi-chain-js/web3-wrapper/src/wrapper/actions/actions/getBalance.ts
FN:5,(anonymous_7)
FNF:1
FNH:1
FNDA:2,(anonymous_7)
DA:6,2
DA:7,2
DA:8,1
DA:10,1
LF:4
LH:4
BRF:0
BRH:0
end_of_record
TN:
SF:/Users/jmcx/Desktop/web3-wrapper/multi-chain-js/web3-wrapper/src/wrapper/actions/actions/getBlock.ts
FN:6,(anonymous_7)
FNF:1
FNH:0
FNDA:0,(anonymous_7)
DA:7,0
DA:8,0
DA:9,0
DA:10,0
DA:11,0
DA:12,0
DA:13,0
DA:14,0
DA:15,0
DA:16,0
DA:17,0
DA:18,0
DA:19,0
DA:20,0
DA:21,0
DA:22,0
DA:23,0
DA:24,0
DA:25,0
DA:26,0
DA:27,0
DA:28,0
DA:30,0
LF:23
LH:0
BRF:0
BRH:0
end_of_record
TN:
SF:/Users/jmcx/Desktop/web3-wrapper/multi-chain-js/web3-wrapper/src/wrapper/actions/actions/getBlockNumber.ts
FN:5,(anonymous_7)
FNF:1
FNH:1
FNDA:2,(anonymous_7)
DA:6,2
DA:7,2
DA:8,1
DA:10,1
LF:4
LH:4
BRF:0
BRH:0
end_of_record
TN:
SF:/Users/jmcx/Desktop/web3-wrapper/multi-chain-js/web3-wrapper/src/wrapper/actions/actions/getTransaction.ts
FN:6,(anonymous_7)
FNF:1
FNH:1
FNDA:2,(anonymous_7)
DA:7,2
DA:8,2
DA:9,1
DA:10,1
DA:11,1
DA:12,1
DA:13,1
DA:14,1
DA:15,1
DA:16,1
DA:17,1
DA:18,1
DA:19,1
DA:20,1
DA:21,1
DA:22,1
DA:24,0
DA:27,1
LF:18
LH:17
BRDA:10,0,0,1
BRDA:10,0,1,0
BRF:2
BRH:1
end_of_record
TN:
SF:/Users/jmcx/Desktop/web3-wrapper/multi-chain-js/web3-wrapper/src/wrapper/actions/actions/getTransactionCount.ts
FN:5,(anonymous_7)
FNF:1
FNH:1
FNDA:2,(anonymous_7)
DA:6,2
DA:7,2
DA:8,1
DA:10,1
LF:4
LH:4
BRF:0
BRH:0
end_of_record
TN:
SF:/Users/jmcx/Desktop/web3-wrapper/multi-chain-js/web3-wrapper/src/wrapper/actions/actions/loadContract.ts
FN:5,(anonymous_7)
FNF:1
FNH:1
FNDA:9,(anonymous_7)
DA:6,9
DA:7,9
DA:8,6
DA:10,3
LF:4
LH:4
BRF:0
BRH:0
end_of_record
TN:
SF:/Users/jmcx/Desktop/web3-wrapper/multi-chain-js/web3-wrapper/src/wrapper/actions/actions/sendSignedTransaction.ts
FN:5,(anonymous_7)
FNF:1
FNH:0
FNDA:0,(anonymous_7)
DA:6,0
DA:7,0
DA:8,0
DA:10,0
LF:4
LH:0
BRF:0
BRH:0
end_of_record
TN:
SF:/Users/jmcx/Desktop/web3-wrapper/multi-chain-js/web3-wrapper/src/wrapper/actions/actions/sendTransaction.ts
FN:5,(anonymous_7)
FN:7,(anonymous_9)
FNF:2
FNH:0
FNDA:0,(anonymous_7)
FNDA:0,(anonymous_9)
DA:6,0
DA:7,0
DA:8,0
DA:11,0
LF:4
LH:0
BRF:0
BRH:0
end_of_record
TN:
SF:/Users/jmcx/Desktop/web3-wrapper/multi-chain-js/web3-wrapper/src/wrapper/actions/actions/signTransaction.ts
FN:6,(anonymous_7)
FNF:1
FNH:1
FNDA:1,(anonymous_7)
DA:7,1
LF:1
LH:1
BRF:0
BRH:0
end_of_record
TN:
SF:/Users/jmcx/Desktop/web3-wrapper/multi-chain-js/web3-wrapper/src/wrapper/actions/actions/signTransactionPrivateKey.ts
FN:6,(anonymous_7)
FNF:1
FNH:0
FNDA:0,(anonymous_7)
DA:7,0
DA:8,0
DA:9,0
DA:11,0
LF:4
LH:0
BRF:0
BRH:0
end_of_record
TN:
SF:/Users/jmcx/Desktop/web3-wrapper/multi-chain-js/web3-wrapper/src/wrapper/actions/actions/signWithPrivateKey.ts
FN:5,(anonymous_7)
FNF:1
FNH:1
FNDA:2,(anonymous_7)
DA:6,2
DA:7,2
DA:8,1
DA:10,1
LF:4
LH:4
BRF:0
BRH:0
end_of_record
TN:
SF:/Users/jmcx/Desktop/web3-wrapper/multi-chain-js/web3-wrapper/src/wrapper/actions/actions/signWithWallet.ts
FN:6,(anonymous_7)
FNF:1
FNH:0
FNDA:0,(anonymous_7)
DA:7,0
DA:8,0
DA:9,0
DA:10,0
DA:12,0
LF:5
LH:0
BRF:0
BRH:0
end_of_record
TN:
SF:/Users/jmcx/Desktop/web3-wrapper/multi-chain-js/web3-wrapper/src/wrapper/actions/actions/signtransactionPrivateKey.ts
FN:6,(anonymous_7)
FNF:1
FNH:1
FNDA:2,(anonymous_7)
DA:7,2
DA:8,2
DA:9,1
DA:11,1
LF:4
LH:4
BRF:0
BRH:0
end_of_record
TN:
SF:/Users/jmcx/Desktop/web3-wrapper/multi-chain-js/web3-wrapper/src/wrapper/consts/consts.ts
FN:4,(anonymous_0)
FN:5,(anonymous_1)
FN:6,(anonymous_2)
FN:7,(anonymous_3)
FNF:4
FNH:3
FNDA:25,(anonymous_0)
FNDA:0,(anonymous_1)
FNDA:27,(anonymous_2)
FNDA:2,(anonymous_3)
DA:3,1
DA:4,25
DA:5,0
DA:6,27
DA:7,2
LF:5
LH:4
BRF:0
BRH:0
end_of_record
TN:
SF:/Users/jmcx/Desktop/web3-wrapper/multi-chain-js/web3-wrapper/src/wrapper/fieldDefinition/getBlockField.ts
FNF:0
FNH:0
LF:0
LH:0
BRF:0
BRH:0
end_of_record
TN:
SF:/Users/jmcx/Desktop/web3-wrapper/multi-chain-js/web3-wrapper/src/wrapper/fieldDefinition/getTransactionField.ts
FNF:0
FNH:0
LF:0
LH:0
BRF:0
BRH:0
end_of_record
TN:
SF:/Users/jmcx/Desktop/web3-wrapper/multi-chain-js/web3-wrapper/src/wrapper/fieldDefinition/signTransactionField.ts
FNF:0
FNH:0
LF:0
LH:0
BRF:0
BRH:0
end_of_record
